This is pdfTeX, Version 3.141592653-2.6-1.40.26 (MiKTeX 24.4) (preloaded format=pdflatex 2024.5.30)  3 DEC 2024 01:07
entering extended mode
 restricted \write18 enabled.
 file:line:error style messages enabled.
 %&-line parsing enabled.
**"c:/Users/pahar/OneDrive - International Institute of Information Technology/24-25 monsoon/VLSI/Project/VLSI-Carry-Look-Ahead-Adder/Project Latex/project.tex"
(c:/Users/pahar/OneDrive - International Institute of Information Technology/24-25 monsoon/VLSI/Project/VLSI-Carry-Look-Ahead-Adder/Project Latex/project.tex
LaTeX2e <2023-11-01> patch level 1
L3 programming layer <2024-05-08>
(C:\Users\pahar\AppData\Local\Programs\MiKTeX\tex/latex/ieeetran\IEEEtran.cls
Document Class: IEEEtran 2015/08/26 V1.8b by Michael Shell
-- See the "IEEEtran_HOWTO" manual for usage information.
-- http://www.michaelshell.org/tex/ieeetran/
\@IEEEtrantmpdimenA=\dimen140
\@IEEEtrantmpdimenB=\dimen141
\@IEEEtrantmpdimenC=\dimen142
\@IEEEtrantmpcountA=\count189
\@IEEEtrantmpcountB=\count190
\@IEEEtrantmpcountC=\count191
\@IEEEtrantmptoksA=\toks17
LaTeX Font Info:    Trying to load font information for OT1+ptm on input line 503.
(C:\Users\pahar\AppData\Local\Programs\MiKTeX\tex/latex/psnfss\ot1ptm.fd
File: ot1ptm.fd 2001/06/04 font definitions for OT1/ptm.
)
-- Using 8.5in x 11in (letter) paper.
-- Using PDF output.
\@IEEEnormalsizeunitybaselineskip=\dimen143
-- This is a 10 point document.
\CLASSINFOnormalsizebaselineskip=\dimen144
\CLASSINFOnormalsizeunitybaselineskip=\dimen145
\IEEEnormaljot=\dimen146
LaTeX Font Info:    Font shape `OT1/ptm/bx/n' in size <5> not available
(Font)              Font shape `OT1/ptm/b/n' tried instead on input line 1090.
LaTeX Font Info:    Font shape `OT1/ptm/bx/it' in size <5> not available
(Font)              Font shape `OT1/ptm/b/it' tried instead on input line 1090.
LaTeX Font Info:    Font shape `OT1/ptm/bx/n' in size <7> not available
(Font)              Font shape `OT1/ptm/b/n' tried instead on input line 1090.
LaTeX Font Info:    Font shape `OT1/ptm/bx/it' in size <7> not available
(Font)              Font shape `OT1/ptm/b/it' tried instead on input line 1090.
LaTeX Font Info:    Font shape `OT1/ptm/bx/n' in size <8> not available
(Font)              Font shape `OT1/ptm/b/n' tried instead on input line 1090.
LaTeX Font Info:    Font shape `OT1/ptm/bx/it' in size <8> not available
(Font)              Font shape `OT1/ptm/b/it' tried instead on input line 1090.
LaTeX Font Info:    Font shape `OT1/ptm/bx/n' in size <9> not available
(Font)              Font shape `OT1/ptm/b/n' tried instead on input line 1090.
LaTeX Font Info:    Font shape `OT1/ptm/bx/it' in size <9> not available
(Font)              Font shape `OT1/ptm/b/it' tried instead on input line 1090.
LaTeX Font Info:    Font shape `OT1/ptm/bx/n' in size <10> not available
(Font)              Font shape `OT1/ptm/b/n' tried instead on input line 1090.
LaTeX Font Info:    Font shape `OT1/ptm/bx/it' in size <10> not available
(Font)              Font shape `OT1/ptm/b/it' tried instead on input line 1090.
LaTeX Font Info:    Font shape `OT1/ptm/bx/n' in size <11> not available
(Font)              Font shape `OT1/ptm/b/n' tried instead on input line 1090.
LaTeX Font Info:    Font shape `OT1/ptm/bx/it' in size <11> not available
(Font)              Font shape `OT1/ptm/b/it' tried instead on input line 1090.
LaTeX Font Info:    Font shape `OT1/ptm/bx/n' in size <12> not available
(Font)              Font shape `OT1/ptm/b/n' tried instead on input line 1090.
LaTeX Font Info:    Font shape `OT1/ptm/bx/it' in size <12> not available
(Font)              Font shape `OT1/ptm/b/it' tried instead on input line 1090.
LaTeX Font Info:    Font shape `OT1/ptm/bx/n' in size <17> not available
(Font)              Font shape `OT1/ptm/b/n' tried instead on input line 1090.
LaTeX Font Info:    Font shape `OT1/ptm/bx/it' in size <17> not available
(Font)              Font shape `OT1/ptm/b/it' tried instead on input line 1090.
LaTeX Font Info:    Font shape `OT1/ptm/bx/n' in size <20> not available
(Font)              Font shape `OT1/ptm/b/n' tried instead on input line 1090.
LaTeX Font Info:    Font shape `OT1/ptm/bx/it' in size <20> not available
(Font)              Font shape `OT1/ptm/b/it' tried instead on input line 1090.
LaTeX Font Info:    Font shape `OT1/ptm/bx/n' in size <24> not available
(Font)              Font shape `OT1/ptm/b/n' tried instead on input line 1090.
LaTeX Font Info:    Font shape `OT1/ptm/bx/it' in size <24> not available
(Font)              Font shape `OT1/ptm/b/it' tried instead on input line 1090.
\IEEEquantizedlength=\dimen147
\IEEEquantizedlengthdiff=\dimen148
\IEEEquantizedtextheightdiff=\dimen149
\IEEEilabelindentA=\dimen150
\IEEEilabelindentB=\dimen151
\IEEEilabelindent=\dimen152
\IEEEelabelindent=\dimen153
\IEEEdlabelindent=\dimen154
\IEEElabelindent=\dimen155
\IEEEiednormlabelsep=\dimen156
\IEEEiedmathlabelsep=\dimen157
\IEEEiedtopsep=\skip48
\c@section=\count192
\c@subsection=\count193
\c@subsubsection=\count194
\c@paragraph=\count195
\c@IEEEsubequation=\count196
\abovecaptionskip=\skip49
\belowcaptionskip=\skip50
\c@figure=\count197
\c@table=\count198
\@IEEEeqnnumcols=\count199
\@IEEEeqncolcnt=\count266
\@IEEEsubeqnnumrollback=\count267
\@IEEEquantizeheightA=\dimen158
\@IEEEquantizeheightB=\dimen159
\@IEEEquantizeheightC=\dimen160
\@IEEEquantizeprevdepth=\dimen161
\@IEEEquantizemultiple=\count268
\@IEEEquantizeboxA=\box51
\@IEEEtmpitemindent=\dimen162
\IEEEPARstartletwidth=\dimen163
\c@IEEEbiography=\count269
\@IEEEtranrubishbin=\box52
)
** ATTENTION: Overriding command lockouts (line 2).
(C:\Users\pahar\AppData\Local\Programs\MiKTeX\tex/latex/cite\cite.sty
LaTeX Info: Redefining \cite on input line 302.
LaTeX Info: Redefining \nocite on input line 332.
Package: cite 2015/02/27  v 5.5
) (C:\Users\pahar\AppData\Local\Programs\MiKTeX\tex/latex/amsmath\amsmath.sty
Package: amsmath 2023/05/13 v2.17o AMS math features
\@mathmargin=\skip51

For additional information on amsmath, use the `?' option.
(C:\Users\pahar\AppData\Local\Programs\MiKTeX\tex/latex/amsmath\amstext.sty
Package: amstext 2021/08/26 v2.01 AMS text
 (C:\Users\pahar\AppData\Local\Programs\MiKTeX\tex/latex/amsmath\amsgen.sty
File: amsgen.sty 1999/11/30 v2.0 generic functions
\@emptytoks=\toks18
\ex@=\dimen164
)) (C:\Users\pahar\AppData\Local\Programs\MiKTeX\tex/latex/amsmath\amsbsy.sty
Package: amsbsy 1999/11/29 v1.2d Bold Symbols
\pmbraise@=\dimen165
) (C:\Users\pahar\AppData\Local\Programs\MiKTeX\tex/latex/amsmath\amsopn.sty
Package: amsopn 2022/04/08 v2.04 operator names
)
\inf@bad=\count270
LaTeX Info: Redefining \frac on input line 234.
\uproot@=\count271
\leftroot@=\count272
LaTeX Info: Redefining \overline on input line 399.
LaTeX Info: Redefining \colon on input line 410.
\classnum@=\count273
\DOTSCASE@=\count274
LaTeX Info: Redefining \ldots on input line 496.
LaTeX Info: Redefining \dots on input line 499.
LaTeX Info: Redefining \cdots on input line 620.
\Mathstrutbox@=\box53
\strutbox@=\box54
LaTeX Info: Redefining \big on input line 722.
LaTeX Info: Redefining \Big on input line 723.
LaTeX Info: Redefining \bigg on input line 724.
LaTeX Info: Redefining \Bigg on input line 725.
\big@size=\dimen166
LaTeX Font Info:    Redeclaring font encoding OML on input line 743.
LaTeX Font Info:    Redeclaring font encoding OMS on input line 744.
\macc@depth=\count275
LaTeX Info: Redefining \bmod on input line 905.
LaTeX Info: Redefining \pmod on input line 910.
LaTeX Info: Redefining \smash on input line 940.
LaTeX Info: Redefining \relbar on input line 970.
LaTeX Info: Redefining \Relbar on input line 971.
\c@MaxMatrixCols=\count276
\dotsspace@=\muskip16
\c@parentequation=\count277
\dspbrk@lvl=\count278
\tag@help=\toks19
\row@=\count279
\column@=\count280
\maxfields@=\count281
\andhelp@=\toks20
\eqnshift@=\dimen167
\alignsep@=\dimen168
\tagshift@=\dimen169
\tagwidth@=\dimen170
\totwidth@=\dimen171
\lineht@=\dimen172
\@envbody=\toks21
\multlinegap=\skip52
\multlinetaggap=\skip53
\mathdisplay@stack=\toks22
LaTeX Info: Redefining \[ on input line 2953.
LaTeX Info: Redefining \] on input line 2954.
) (C:\Users\pahar\AppData\Local\Programs\MiKTeX\tex/latex/amsfonts\amssymb.sty
Package: amssymb 2013/01/14 v3.01 AMS font symbols
 (C:\Users\pahar\AppData\Local\Programs\MiKTeX\tex/latex/amsfonts\amsfonts.sty
Package: amsfonts 2013/01/14 v3.01 Basic AMSFonts support
\symAMSa=\mathgroup4
\symAMSb=\mathgroup5
LaTeX Font Info:    Redeclaring math symbol \hbar on input line 98.
LaTeX Font Info:    Overwriting math alphabet `\mathfrak' in version `bold'
(Font)                  U/euf/m/n --> U/euf/b/n on input line 106.
)) (C:\Users\pahar\AppData\Local\Programs\MiKTeX\tex/latex/algorithms\algorithmic.sty
Package: algorithmic 2009/08/24 v0.1 Document Style `algorithmic'
 (C:\Users\pahar\AppData\Local\Programs\MiKTeX\tex/latex/base\ifthen.sty
Package: ifthen 2022/04/13 v1.1d Standard LaTeX ifthen package (DPC)
) (C:\Users\pahar\AppData\Local\Programs\MiKTeX\tex/latex/graphics\keyval.sty
Package: keyval 2022/05/29 v1.15 key=value parser (DPC)
\KV@toks@=\toks23
)
\c@ALC@unique=\count282
\c@ALC@line=\count283
\c@ALC@rem=\count284
\c@ALC@depth=\count285
\ALC@tlm=\skip54
\algorithmicindent=\skip55
) (C:\Users\pahar\AppData\Local\Programs\MiKTeX\tex/latex/graphics\graphicx.sty
Package: graphicx 2021/09/16 v1.2d Enhanced LaTeX Graphics (DPC,SPQR)
 (C:\Users\pahar\AppData\Local\Programs\MiKTeX\tex/latex/graphics\graphics.sty
Package: graphics 2022/03/10 v1.4e Standard LaTeX Graphics (DPC,SPQR)
 (C:\Users\pahar\AppData\Local\Programs\MiKTeX\tex/latex/graphics\trig.sty
Package: trig 2021/08/11 v1.11 sin cos tan (DPC)
) (C:\Users\pahar\AppData\Local\Programs\MiKTeX\tex/latex/graphics-cfg\graphics.cfg
File: graphics.cfg 2016/06/04 v1.11 sample graphics configuration
)
Package graphics Info: Driver file: pdftex.def on input line 107.
 (C:\Users\pahar\AppData\Local\Programs\MiKTeX\tex/latex/graphics-def\pdftex.def
File: pdftex.def 2024/04/13 v1.2c Graphics/color driver for pdftex
))
\Gin@req@height=\dimen173
\Gin@req@width=\dimen174
) (C:\Users\pahar\AppData\Local\Programs\MiKTeX\tex/latex/multirow\multirow.sty
Package: multirow 2021/03/15 v2.8 Span multiple rows of a table
\multirow@colwidth=\skip56
\multirow@cntb=\count286
\multirow@dima=\skip57
\bigstrutjot=\dimen175
) (C:\Users\pahar\AppData\Local\Programs\MiKTeX\tex/latex/base\textcomp.sty
Package: textcomp 2020/02/02 v2.0n Standard LaTeX package
) (C:\Users\pahar\AppData\Local\Programs\MiKTeX\tex/latex/xcolor\xcolor.sty
Package: xcolor 2023/11/15 v3.01 LaTeX color extensions (UK)
 (C:\Users\pahar\AppData\Local\Programs\MiKTeX\tex/latex/graphics-cfg\color.cfg
File: color.cfg 2016/01/02 v1.6 sample color configuration
)
Package xcolor Info: Driver file: pdftex.def on input line 274.
 (C:\Users\pahar\AppData\Local\Programs\MiKTeX\tex/latex/graphics\mathcolor.ltx)
Package xcolor Info: Model `cmy' substituted by `cmy0' on input line 1350.
Package xcolor Info: Model `hsb' substituted by `rgb' on input line 1354.
Package xcolor Info: Model `RGB' extended on input line 1366.
Package xcolor Info: Model `HTML' substituted by `rgb' on input line 1368.
Package xcolor Info: Model `Hsb' substituted by `hsb' on input line 1369.
Package xcolor Info: Model `tHsb' substituted by `hsb' on input line 1370.
Package xcolor Info: Model `HSB' substituted by `hsb' on input line 1371.
Package xcolor Info: Model `Gray' substituted by `gray' on input line 1372.
Package xcolor Info: Model `wave' substituted by `hsb' on input line 1373.
) (C:\Users\pahar\AppData\Local\Programs\MiKTeX\tex/latex/float\float.sty
Package: float 2001/11/08 v1.3d Float enhancements (AL)
\c@float@type=\count287
\float@exts=\toks24
\float@box=\box55
\@float@everytoks=\toks25
\@floatcapt=\box56
) (C:\Users\pahar\AppData\Local\Programs\MiKTeX\tex/latex/colortbl\colortbl.sty
Package: colortbl 2024/07/06 v1.0i Color table columns (DPC)
 (C:\Users\pahar\AppData\Local\Programs\MiKTeX\tex/latex/tools\array.sty
Package: array 2023/10/16 v2.5g Tabular extension package (FMi)
\col@sep=\dimen176
\ar@mcellbox=\box57
\extrarowheight=\dimen177
\NC@list=\toks26
\extratabsurround=\skip58
\backup@length=\skip59
\ar@cellbox=\box58
)
\everycr=\toks27
\minrowclearance=\skip60
\rownum=\count288
) (C:\Users\pahar\AppData\Local\Programs\MiKTeX\tex/latex/l3backend\l3backend-pdftex.def
File: l3backend-pdftex.def 2024-05-08 L3 backend support: PDF output (pdfTeX)
\l__color_backend_stack_int=\count289
\l__pdf_internal_box=\box59
) (project.aux

LaTeX Warning: Label `fig:worst_case_delay' multiply defined.


LaTeX Warning: Label `fig:cla_waveform' multiply defined.


LaTeX Warning: Label `fig:worst_case_delay' multiply defined.


LaTeX Warning: Label `fig:worst_case_delay' multiply defined.


LaTeX Warning: Label `fig:floorplan' multiply defined.


LaTeX Warning: Label `fig:oscilloscope' multiply defined.

)
\openout1 = `project.aux'.

LaTeX Font Info:    Checking defaults for OML/cmm/m/it on input line 18.
LaTeX Font Info:    ... okay on input line 18.
LaTeX Font Info:    Checking defaults for OMS/cmsy/m/n on input line 18.
LaTeX Font Info:    ... okay on input line 18.
LaTeX Font Info:    Checking defaults for OT1/cmr/m/n on input line 18.
LaTeX Font Info:    ... okay on input line 18.
LaTeX Font Info:    Checking defaults for T1/cmr/m/n on input line 18.
LaTeX Font Info:    ... okay on input line 18.
LaTeX Font Info:    Checking defaults for TS1/cmr/m/n on input line 18.
LaTeX Font Info:    ... okay on input line 18.
LaTeX Font Info:    Checking defaults for OMX/cmex/m/n on input line 18.
LaTeX Font Info:    ... okay on input line 18.
LaTeX Font Info:    Checking defaults for U/cmr/m/n on input line 18.
LaTeX Font Info:    ... okay on input line 18.

-- Lines per column: 56 (exact).
(C:\Users\pahar\AppData\Local\Programs\MiKTeX\tex/context/base/mkii\supp-pdf.mkii
[Loading MPS to PDF converter (version 2006.09.02).]
\scratchcounter=\count290
\scratchdimen=\dimen178
\scratchbox=\box60
\nofMPsegments=\count291
\nofMParguments=\count292
\everyMPshowfont=\toks28
\MPscratchCnt=\count293
\MPscratchDim=\dimen179
\MPnumerator=\count294
\makeMPintoPDFobject=\count295
\everyMPtoPDFconversion=\toks29
) (C:\Users\pahar\AppData\Local\Programs\MiKTeX\tex/latex/epstopdf-pkg\epstopdf-base.sty
Package: epstopdf-base 2020-01-24 v2.11 Base part for package epstopdf
Package epstopdf-base Info: Redefining graphics rule for `.eps' on input line 485.
 (C:\Users\pahar\AppData\Local\Programs\MiKTeX\tex/latex/00miktex\epstopdf-sys.cfg
File: epstopdf-sys.cfg 2021/03/18 v2.0 Configuration of epstopdf for MiKTeX
))
LaTeX Font Info:    Trying to load font information for U+msa on input line 48.
 (C:\Users\pahar\AppData\Local\Programs\MiKTeX\tex/latex/amsfonts\umsa.fd
File: umsa.fd 2013/01/14 v3.01 AMS symbols A
)
LaTeX Font Info:    Trying to load font information for U+msb on input line 48.
 (C:\Users\pahar\AppData\Local\Programs\MiKTeX\tex/latex/amsfonts\umsb.fd
File: umsb.fd 2013/01/14 v3.01 AMS symbols B
) [1{C:/Users/pahar/AppData/Local/MiKTeX/fonts/map/pdftex/pdftex.map}{C:/Users/pahar/AppData/Local/Programs/MiKTeX/fonts/enc/dvips/base/8r.enc}


]
Underfull \hbox (badness 10000) in paragraph at lines 110--111

 []

<Images/Circuit_Diagram.png, id=19, 635.37375pt x 405.76593pt>
File: Images/Circuit_Diagram.png Graphic file (type png)
<use Images/Circuit_Diagram.png>
Package pdftex.def Info: Images/Circuit_Diagram.png  used on input line 162.
(pdftex.def)             Requested size: 252.0pt x 160.93518pt.
<Images/propgencir.png, id=21, 672.26157pt x 499.11469pt>
File: Images/propgencir.png Graphic file (type png)
<use Images/propgencir.png>
Package pdftex.def Info: Images/propgencir.png  used on input line 172.
(pdftex.def)             Requested size: 126.0pt x 93.54568pt.

Overfull \hbox (11.2062pt too wide) in paragraph at lines 182--191
 [][] 
 []

<Images/clacir.png, id=22, 651.18282pt x 505.89pt>
File: Images/clacir.png Graphic file (type png)
<use Images/clacir.png>
Package pdftex.def Info: Images/clacir.png  used on input line 198.
(pdftex.def)             Requested size: 226.79846pt x 176.19186pt.
[2 <./Images/Circuit_Diagram.png> <./Images/propgencir.png>]
<Images/sumcir.png, id=29, 153.57375pt x 295.1025pt>
File: Images/sumcir.png Graphic file (type png)
<use Images/sumcir.png>
Package pdftex.def Info: Images/sumcir.png  used on input line 227.
(pdftex.def)             Requested size: 50.39923pt x 96.84377pt.

Overfull \hbox (5.27019pt too wide) in paragraph at lines 235--243
 [][] 
 []


Underfull \vbox (badness 5985) has occurred while \output is active []

<Images/TSPC.png, id=30, 889.82437pt x 398.99063pt>
File: Images/TSPC.png Graphic file (type png)
<use Images/TSPC.png>
Package pdftex.def Info: Images/TSPC.png  used on input line 250.
(pdftex.def)             Requested size: 252.0pt x 112.9951pt.
<Images/dflipsimres.png, id=31, 672.26157pt x 420.82219pt>
File: Images/dflipsimres.png Graphic file (type png)
<use Images/dflipsimres.png>
Package pdftex.def Info: Images/dflipsimres.png  used on input line 278.
(pdftex.def)             Requested size: 252.0pt x 157.74371pt.

Underfull \vbox (badness 10000) has occurred while \output is active []

 [3 <./Images/clacir.png> <./Images/sumcir.png> <./Images/TSPC.png>]
<Images/dflipterm.png, id=38, 566.86781pt x 62.48344pt>
File: Images/dflipterm.png Graphic file (type png)
<use Images/dflipterm.png>
Package pdftex.def Info: Images/dflipterm.png  used on input line 285.
(pdftex.def)             Requested size: 252.0pt x 27.7769pt.
<Images/dflipsetupsimres.png, id=39, 687.31781pt x 460.72125pt>
File: Images/dflipsetupsimres.png Graphic file (type png)
<use Images/dflipsetupsimres.png>
Package pdftex.def Info: Images/dflipsetupsimres.png  used on input line 309.
(pdftex.def)             Requested size: 252.0pt x 168.91759pt.

Underfull \vbox (badness 5446) has occurred while \output is active []

<Images/dflipsetupterm.png, id=40, 566.115pt x 65.49469pt>
File: Images/dflipsetupterm.png Graphic file (type png)
<use Images/dflipsetupterm.png>
Package pdftex.def Info: Images/dflipsetupterm.png  used on input line 316.
(pdftex.def)             Requested size: 252.0pt x 29.15352pt.
<Images/stickinv.png, id=41, 390.70969pt x 319.94531pt>
File: Images/stickinv.png Graphic file (type png)
<use Images/stickinv.png>
Package pdftex.def Info: Images/stickinv.png  used on input line 346.
(pdftex.def)             Requested size: 126.0pt x 103.18034pt.
<Images/sticknor.png, id=42, 281.55188pt x 311.66437pt>
File: Images/sticknor.png Graphic file (type png)
<use Images/sticknor.png>
Package pdftex.def Info: Images/sticknor.png  used on input line 354.
(pdftex.def)             Requested size: 126.0pt x 139.47725pt.
 [4 <./Images/dflipsimres.png> <./Images/dflipterm.png> <./Images/dflipsetupsimres.png> <./Images/dflipsetupterm.png> <./Images/stickinv.png>]
<Images/sticknand.png, id=51, 284.56313pt x 313.17pt>
File: Images/sticknand.png Graphic file (type png)
<use Images/sticknand.png>
Package pdftex.def Info: Images/sticknand.png  used on input line 363.
(pdftex.def)             Requested size: 126.0pt x 138.6697pt.
<Images/stickxor.jpg, id=52, 1026.83624pt x 858.20625pt>
File: Images/stickxor.jpg Graphic file (type jpg)
<use Images/stickxor.jpg>
Package pdftex.def Info: Images/stickxor.jpg  used on input line 371.
(pdftex.def)             Requested size: 126.0pt x 105.29814pt.
<Images/claprengspi.png, id=53, 1192.455pt x 559.08875pt>
File: Images/claprengspi.png Graphic file (type png)
<use Images/claprengspi.png>
Package pdftex.def Info: Images/claprengspi.png  used on input line 416.
(pdftex.def)             Requested size: 252.0pt x 118.14577pt.
<Images/claprengspi2.png, id=54, 1707.37875pt x 996.72375pt>
File: Images/claprengspi2.png Graphic file (type png)
<use Images/claprengspi2.png>
Package pdftex.def Info: Images/claprengspi2.png  used on input line 425.
(pdftex.def)             Requested size: 252.0pt x 147.09912pt.
 [5 <./Images/sticknor.png> <./Images/sticknand.png> <./Images/stickxor.jpg> <./Images/claprengspi.png> <./Images/claprengspi2.png>]
<Images/clapreworst.png, id=62, 679.78969pt x 453.19313pt>
File: Images/clapreworst.png Graphic file (type png)
<use Images/clapreworst.png>
Package pdftex.def Info: Images/clapreworst.png  used on input line 447.
(pdftex.def)             Requested size: 252.0pt x 167.99692pt.
<Images/clapreworstterm.png, id=63, 568.37344pt x 61.73062pt>
File: Images/clapreworstterm.png Graphic file (type png)
<use Images/clapreworstterm.png>
Package pdftex.def Info: Images/clapreworstterm.png  used on input line 454.
(pdftex.def)             Requested size: 252.0pt x 27.3697pt.
<Images/clapostmag.png, id=64, 1362.08875pt x 940.51375pt>
File: Images/clapostmag.png Graphic file (type png)
<use Images/clapostmag.png>
Package pdftex.def Info: Images/clapostmag.png  used on input line 525.
(pdftex.def)             Requested size: 516.0pt x 356.29391pt.


LaTeX Warning: `h' float specifier changed to `ht'.

<Images/clapostngspi2.png, id=65, 1683.28876pt x 988.69376pt>
File: Images/clapostngspi2.png Graphic file (type png)
<use Images/clapostngspi2.png>
Package pdftex.def Info: Images/clapostngspi2.png  used on input line 536.
(pdftex.def)             Requested size: 252.0pt x 148.01102pt.
[6 <./Images/clapreworst.png> <./Images/clapreworstterm.png>]
<Images/clapostworst.png, id=72, 582.175pt x 497.86pt>
File: Images/clapostworst.png Graphic file (type png)
<use Images/clapostworst.png>
Package pdftex.def Info: Images/clapostworst.png  used on input line 548.
(pdftex.def)             Requested size: 252.0pt x 215.5038pt.

Underfull \vbox (badness 10000) has occurred while \output is active []

 [7 <./Images/clapostmag.png> <./Images/clapostngspi2.png>]
<Images/clapostworstterm.png, id=79, 781.92125pt x 131.49126pt>
File: Images/clapostworstterm.png Graphic file (type png)
<use Images/clapostworstterm.png>
Package pdftex.def Info: Images/clapostworstterm.png  used on input line 555.
(pdftex.def)             Requested size: 252.0pt x 42.377pt.
<example-image-a.png, id=80, 401.5pt x 301.125pt>
File: example-image-a.png Graphic file (type png)
<use example-image-a.png>
Package pdftex.def Info: example-image-a.png  used on input line 593.
(pdftex.def)             Requested size: 252.0pt x 189.00674pt.

Underfull \vbox (badness 1320) has occurred while \output is active []

<Images/areapitch.png, id=81, 630.355pt x 103.38625pt>
File: Images/areapitch.png Graphic file (type png)
<use Images/areapitch.png>
Package pdftex.def Info: Images/areapitch.png  used on input line 600.
(pdftex.def)             Requested size: 252.0pt x 41.33167pt.
<Images/veriloggtk.png, id=82, 1359.57938pt x 499.8675pt>
File: Images/veriloggtk.png Graphic file (type png)
<use Images/veriloggtk.png>
Package pdftex.def Info: Images/veriloggtk.png  used on input line 617.
(pdftex.def)             Requested size: 516.0pt x 189.71516pt.


LaTeX Warning: `h' float specifier changed to `ht'.

[8 <./Images/clapostworst.png> <./Images/clapostworstterm.png> <C:/Users/pahar/AppData/Local/Programs/MiKTeX/tex/latex/mwe/example-image-a.png> <./Images/areapitch.png>]
<Images/oscillo1.jpg, id=89, 602.25pt x 360.59718pt>
File: Images/oscillo1.jpg Graphic file (type jpg)
<use Images/oscillo1.jpg>
Package pdftex.def Info: Images/oscillo1.jpg  used on input line 654.
(pdftex.def)             Requested size: 252.0pt x 150.88304pt.
<Images/oscillo2.jpg, id=90, 602.25pt x 362.10281pt>
File: Images/oscillo2.jpg Graphic file (type jpg)
<use Images/oscillo2.jpg>
Package pdftex.def Info: Images/oscillo2.jpg  used on input line 661.
(pdftex.def)             Requested size: 252.0pt x 151.51303pt.
<Images/oscillo3.jpg, id=91, 602.25pt x 362.10281pt>
File: Images/oscillo3.jpg Graphic file (type jpg)
<use Images/oscillo3.jpg>
Package pdftex.def Info: Images/oscillo3.jpg  used on input line 668.
(pdftex.def)             Requested size: 252.0pt x 151.51303pt.


** Conference Paper **
Before submitting the final camera ready copy, remember to:

 1. Manually equalize the lengths of two columns on the last page
 of your paper;

 2. Ensure that any PostScript and/or PDF output post-processing
 uses only Type 1 fonts and that every step in the generation
 process uses the appropriate paper size.

[9 <./Images/veriloggtk.png> <./Images/oscillo1.jpg> <./Images/oscillo2.jpg> <./Images/oscillo3.jpg>] (project.aux)
 ***********
LaTeX2e <2023-11-01> patch level 1
L3 programming layer <2024-05-08>
 ***********


LaTeX Warning: There were multiply-defined labels.

 ) 
Here is how much of TeX's memory you used:
 4765 strings out of 474313
 78976 string characters out of 5739306
 1950907 words of memory out of 5000000
 27171 multiletter control sequences out of 15000+600000
 597251 words of font info for 109 fonts, out of 8000000 for 9000
 1141 hyphenation exceptions out of 8191
 57i,13n,65p,994b,266s stack positions out of 10000i,1000n,20000p,200000b,200000s
<C:/Users/pahar/AppData/Local/Programs/MiKTeX/fonts/type1/public/amsfonts/cm/cmex10.pfb><C:/Users/pahar/AppData/Local/Programs/MiKTeX/fonts/type1/public/amsfonts/cm/cmmi10.pfb><C:/Users/pahar/AppData/Local/Programs/MiKTeX/fonts/type1/public/amsfonts/cm/cmmi6.pfb><C:/Users/pahar/AppData/Local/Programs/MiKTeX/fonts/type1/public/amsfonts/cm/cmmi7.pfb><C:/Users/pahar/AppData/Local/Programs/MiKTeX/fonts/type1/public/amsfonts/cm/cmmi8.pfb><C:/Users/pahar/AppData/Local/Programs/MiKTeX/fonts/type1/public/amsfonts/cm/cmr10.pfb><C:/Users/pahar/AppData/Local/Programs/MiKTeX/fonts/type1/public/amsfonts/cm/cmr5.pfb><C:/Users/pahar/AppData/Local/Programs/MiKTeX/fonts/type1/public/amsfonts/cm/cmr7.pfb><C:/Users/pahar/AppData/Local/Programs/MiKTeX/fonts/type1/public/amsfonts/cm/cmr8.pfb><C:/Users/pahar/AppData/Local/Programs/MiKTeX/fonts/type1/public/amsfonts/cm/cmsy10.pfb><C:/Users/pahar/AppData/Local/Programs/MiKTeX/fonts/type1/public/amsfonts/cm/cmsy7.pfb><C:/Users/pahar/AppData/Local/Programs/MiKTeX/fonts/type1/public/amsfonts/cm/cmsy8.pfb><C:/Users/pahar/AppData/Local/Programs/MiKTeX/fonts/type1/urw/times/utmb8a.pfb><C:/Users/pahar/AppData/Local/Programs/MiKTeX/fonts/type1/urw/times/utmbi8a.pfb><C:/Users/pahar/AppData/Local/Programs/MiKTeX/fonts/type1/urw/times/utmr8a.pfb><C:/Users/pahar/AppData/Local/Programs/MiKTeX/fonts/type1/urw/times/utmri8a.pfb>
Output written on project.pdf (9 pages, 1333719 bytes).
PDF statistics:
 163 PDF objects out of 1000 (max. 8388607)
 0 named destinations out of 1000 (max. 500000)
 136 words of extra memory for PDF output out of 10000 (max. 10000000)

